<?xml version="1.0" encoding="UTF-8"?>
<mule xmlns:spring="http://www.springframework.org/schema/beans" xmlns:wd-revenue="http://www.mulesoft.org/schema/mule/wd-revenue" 
xmlns:sfdc="http://www.mulesoft.org/schema/mule/sfdc" 
xmlns="http://www.mulesoft.org/schema/mule/core" 
xmlns:doc="http://www.mulesoft.org/schema/mule/documentation" 
version="EE-3.6.1" 
xmlns:xsi="http://www.w3.org/2001/XMLSchema-instance" 
xsi:schemaLocation="http://www.mulesoft.org/schema/mule/core http://www.mulesoft.org/schema/mule/core/current/mule.xsd
http://www.mulesoft.org/schema/mule/sfdc http://www.mulesoft.org/schema/mule/sfdc/current/mule-sfdc.xsd
http://www.mulesoft.org/schema/mule/wd-revenue http://www.mulesoft.org/schema/mule/wd-revenue/current/mule-wd-revenue.xsd
http://www.springframework.org/schema/beans http://www.springframework.org/schema/beans/spring-beans-current.xsd">
    <sub-flow name="retrieveCustomersFlow">
        <wd-revenue:get-customers config-ref="Workday_Revenue_Management"  doc:name="Workday Revenue Management" getCustomersRequest-ref="#[org.mule.templates.CustomerRequest.createByID(payload)]"/>
    </sub-flow>
    <sub-flow name="upsertAccountFlow">
        <sfdc:upsert config-ref="Salesforce" externalIdFieldName="Id" type="Account" doc:name="upsert Account">
            <sfdc:objects ref="#[payload]"/>
        </sfdc:upsert>

    </sub-flow>

</mule>
